<?xml version="1.0" encoding="UTF-8"?>
<!-- Generated by org.testng.reporters.JUnitReportReporter -->
<testsuite hostname="Rahuls-MacBook-Air.local" failures="0" tests="3" name="qa.mobile.test1" time="26.858" errors="0" timestamp="2020-06-15T10:27:44 IST" skipped="0">
  <testcase classname="qa.mobile.test1" name="invalidUsername" time="6.009"/>
  <system-out/>
  <testcase classname="qa.mobile.test1" name="successfulLogin" time="9.010"/>
  <system-out/>
  <testcase classname="qa.mobile.test1" name="invalidPassword" time="11.839"/>
  <system-out/>
</testsuite> <!-- qa.mobile.test1 -->
